<?xml version="1.0" encoding="UTF-8"?>
<!-- Generated by org.testng.reporters.JUnitXMLReporter -->
<testsuite hostname="planet6" name="Default test(failed)" tests="3" failures="3" timestamp="28 Oct 2015 21:53:21 GMT" time="0.042" errors="0">
  <testcase name="Validation_Title" time="0.017" classname="day4.TestNGWebDriver2">
    <failure type="java.lang.AssertionError" message="null">
      <![CDATA[java.lang.AssertionError: null
	at day4.TestNGWebDriver2.Validation_Title(TestNGWebDriver2.java:64)
Caused by: java.lang.NullPointerException
	at day4.TestNGWebDriver2.Validation_Title(TestNGWebDriver2.java:59)
	... 24 more
... Removed 25 stack frames]]>
    </failure>
  </testcase> <!-- Validation_Title -->
  <testcase name="Validation_DownloadLinkExistance" time="0.0" classname="day4.TestNGWebDriver2">
    <failure type="java.lang.AssertionError" message="null">
      <![CDATA[java.lang.AssertionError: null
	at day4.TestNGWebDriver2.Validation_DownloadLinkExistance(TestNGWebDriver2.java:83)
Caused by: java.lang.NullPointerException
	at day4.TestNGWebDriver2.Validation_DownloadLinkExistance(TestNGWebDriver2.java:78)
	... 24 more
... Removed 25 stack frames]]>
    </failure>
  </testcase> <!-- Validation_DownloadLinkExistance -->
  <testcase name="Functionality_SearchText" time="0.0" classname="day4.TestNGWebDriver2">
    <failure type="java.lang.AssertionError" message="null">
      <![CDATA[java.lang.AssertionError: null
	at day4.TestNGWebDriver2.Functionality_SearchText(TestNGWebDriver2.java:107)
Caused by: java.lang.NullPointerException
	at day4.TestNGWebDriver2.Functionality_SearchText(TestNGWebDriver2.java:95)
	... 24 more
... Removed 25 stack frames]]>
    </failure>
  </testcase> <!-- Functionality_SearchText -->
</testsuite> <!-- Default test(failed) -->
